<?xml version="1.0" encoding="UTF-8"?>
<!-- Generated by org.testng.reporters.JUnitXMLReporter -->
<testsuite ignored="0" hostname="LAPTOP-NKUME37F" failures="0" tests="5" name="Default test" time="3.435" errors="0" timestamp="2024-10-07T00:04:20 ICT">
  <testcase classname="selenium_test.register_test" name="testInvalidFullName" time="0.507"/>
  <testcase classname="selenium_test.register_test" name="testPasswordMismatch" time="0.465"/>
  <testcase classname="selenium_test.register_test" name="testUnderageUser" time="0.444"/>
  <testcase classname="selenium_test.register_test" name="testValidRegistration" time="0.428"/>
  <testcase classname="selenium_test.register_test" name="testWeakPassword" time="0.403"/>
</testsuite> <!-- Default test -->
